2023-08-20 20:19:32 Loading main app package /tmp/.mount_ObsidiCFcgGq/resources/obsidian.asar
2023-08-20 20:19:32 Checking for update using Github
2023-08-20 20:19:32 Success.
2023-08-20 20:19:32 Latest version is 1.3.7
2023-08-20 20:19:32 App is up to date.
2023-08-20 20:20:33 Loading main app package /tmp/.mount_obsidibpyrhd/resources/obsidian.asar
2023-08-20 20:20:33 Checking for update using Github
2023-08-20 20:20:33 Success.
2023-08-20 20:20:33 Latest version is 1.3.7
2023-08-20 20:20:33 App is up to date.
2023-08-20 20:23:08 Loading main app package /tmp/.mount_obsidiBUAPIA/resources/obsidian.asar
2023-08-20 20:23:08 Checking for update using Github
2023-08-20 20:23:08 Success.
2023-08-20 20:23:08 Latest version is 1.3.7
2023-08-20 20:23:08 App is up to date.
2023-08-20 20:23:22 Loading main app package /tmp/.mount_obsidiBjlYSC/resources/obsidian.asar
2023-08-20 20:23:22 Checking for update using Github
2023-08-20 20:23:22 Success.
2023-08-20 20:23:22 Latest version is 1.3.7
2023-08-20 20:23:22 App is up to date.
2023-08-20 20:24:31 Loading main app package /tmp/.mount_obsidiyOokLW/resources/obsidian.asar
2023-08-20 20:24:32 Checking for update using Github
2023-08-20 20:24:32 Success.
2023-08-20 20:24:32 Latest version is 1.3.7
2023-08-20 20:24:32 App is up to date.
2023-08-20 20:24:38 Loading main app package /tmp/.mount_obsidiyVtuQd/resources/obsidian.asar
2023-08-20 20:24:38 Checking for update using Github
2023-08-20 20:24:38 Success.
2023-08-20 20:24:38 Latest version is 1.3.7
2023-08-20 20:24:38 App is up to date.
2023-08-20 20:25:22 Loading main app package /tmp/.mount_obsidiydRZ4m/resources/obsidian.asar
2023-08-20 20:25:22 Checking for update using Github
2023-08-20 20:25:23 Success.
2023-08-20 20:25:23 Latest version is 1.3.7
2023-08-20 20:25:23 App is up to date.
2023-08-20 23:02:46 Loading main app package /tmp/.mount_obsidinyNLsW/resources/obsidian.asar
2023-08-20 23:02:46 Checking for update using Github
2023-08-20 23:02:46 Success.
2023-08-20 23:02:46 Latest version is 1.3.7
2023-08-20 23:02:46 App is up to date.
2023-08-21 17:16:17 Loading main app package /tmp/.mount_obsidivA8DVs/resources/obsidian.asar
2023-08-21 17:16:18 Checking for update using Github
2023-08-21 17:16:18 Success.
2023-08-21 17:16:18 Latest version is 1.3.7
2023-08-21 17:16:18 App is up to date.
2023-08-21 17:16:29 Loading main app package /tmp/.mount_obsidip3ZNVM/resources/obsidian.asar
2023-08-21 17:16:29 Checking for update using Github
2023-08-21 17:16:29 Success.
2023-08-21 17:16:29 Latest version is 1.3.7
2023-08-21 17:16:29 App is up to date.
2023-08-21 17:16:51 Loading main app package /tmp/.mount_obsidi3L7Omw/resources/obsidian.asar
2023-08-21 17:16:51 Checking for update using Github
2023-08-21 17:16:52 Success.
2023-08-21 17:16:52 Latest version is 1.3.7
2023-08-21 17:16:52 App is up to date.
2023-08-21 17:17:36 Loading main app package /tmp/.mount_obsidiJz8uGG/resources/obsidian.asar
2023-08-21 17:17:37 Checking for update using Github
2023-08-21 17:17:37 Success.
2023-08-21 17:17:37 Latest version is 1.3.7
2023-08-21 17:17:37 App is up to date.
2023-08-21 18:17:36 Checking for update using Github
2023-08-21 18:17:37 Success.
2023-08-21 18:17:37 Latest version is 1.3.7
2023-08-21 18:17:37 App is up to date.
2023-08-21 19:17:37 Checking for update using Github
2023-08-21 19:17:37 Success.
2023-08-21 19:17:37 Latest version is 1.3.7
2023-08-21 19:17:37 App is up to date.
2023-08-21 20:17:37 Checking for update using Github
2023-08-21 20:17:37 Success.
2023-08-21 20:17:37 Latest version is 1.3.7
2023-08-21 20:17:37 App is up to date.
2023-08-21 21:17:37 Checking for update using Github
2023-08-21 21:17:37 Success.
2023-08-21 21:17:37 Latest version is 1.3.7
2023-08-21 21:17:37 App is up to date.
2023-08-22 16:35:35 Loading main app package /tmp/.mount_obsidiqe2BFF/resources/obsidian.asar
2023-08-22 16:35:36 Checking for update using Github
2023-08-22 16:35:36 Success.
2023-08-22 16:35:36 Latest version is 1.3.7
2023-08-22 16:35:36 App is up to date.
2023-08-22 17:35:35 Checking for update using Github
2023-08-22 17:35:35 Success.
2023-08-22 17:35:35 Latest version is 1.3.7
2023-08-22 17:35:35 App is up to date.
2023-08-22 19:30:49 Loading main app package /tmp/.mount_obsidiFWKczD/resources/obsidian.asar
2023-08-22 19:30:49 Checking for update using Github
2023-08-22 19:30:49 Success.
2023-08-22 19:30:49 Latest version is 1.3.7
2023-08-22 19:30:49 App is up to date.
2023-08-23 02:56:50 Loading main app package /tmp/.mount_obsidi2qdrS9/resources/obsidian.asar
2023-08-23 02:56:50 Checking for update using Github
2023-08-23 02:56:50 Failed to check for update using Github (net::ERR_INTERNET_DISCONNECTED)
2023-08-23 02:56:50 Checking for update using obsidian.md
2023-08-23 02:56:50 Failed to check for update using obsidian.md (net::ERR_INTERNET_DISCONNECTED)
2023-08-29 16:17:21 Loading main app package /tmp/.mount_obsidi15VF6H/resources/obsidian.asar
2023-08-29 16:17:22 Checking for update using Github
2023-08-29 16:17:24 Success.
2023-08-29 16:17:24 Latest version is 1.3.7
2023-08-29 16:17:24 App is up to date.
2023-08-29 17:17:22 Checking for update using Github
2023-08-29 17:17:23 Success.
2023-08-29 17:17:23 Latest version is 1.3.7
2023-08-29 17:17:23 App is up to date.
2023-08-29 18:17:22 Checking for update using Github
2023-08-29 18:17:23 Success.
2023-08-29 18:17:23 Latest version is 1.3.7
2023-08-29 18:17:23 App is up to date.
2023-08-29 19:17:22 Checking for update using Github
2023-08-29 19:17:51 Success.
2023-08-29 19:17:51 Latest version is 1.3.7
2023-08-29 19:17:51 App is up to date.
2023-08-29 20:17:22 Checking for update using Github
2023-08-29 20:17:22 Success.
2023-08-29 20:17:22 Latest version is 1.3.7
2023-08-29 20:17:22 App is up to date.
2023-08-29 21:17:22 Checking for update using Github
2023-08-29 21:17:23 Success.
2023-08-29 21:17:23 Latest version is 1.3.7
2023-08-29 21:17:23 App is up to date.
2023-08-29 22:17:22 Checking for update using Github
2023-08-29 22:17:23 Success.
2023-08-29 22:17:23 Latest version is 1.3.7
2023-08-29 22:17:23 App is up to date.
2023-08-29 23:17:22 Checking for update using Github
2023-08-29 23:17:23 Success.
2023-08-29 23:17:23 Latest version is 1.3.7
2023-08-29 23:17:23 App is up to date.
2023-08-30 00:17:22 Checking for update using Github
2023-08-30 00:17:23 Success.
2023-08-30 00:17:23 Latest version is 1.3.7
2023-08-30 00:17:23 App is up to date.
2023-08-30 01:17:22 Checking for update using Github
2023-08-30 01:17:24 Success.
2023-08-30 01:17:24 Latest version is 1.3.7
2023-08-30 01:17:24 App is up to date.
2023-08-30 02:17:22 Checking for update using Github
2023-08-30 02:17:23 Success.
2023-08-30 02:17:23 Latest version is 1.3.7
2023-08-30 02:17:23 App is up to date.
2023-08-30 03:17:22 Checking for update using Github
2023-08-30 03:17:24 Success.
2023-08-30 03:17:24 Latest version is 1.3.7
2023-08-30 03:17:24 App is up to date.
2023-08-30 04:17:22 Checking for update using Github
2023-08-30 04:17:53 Success.
2023-08-30 04:17:53 Latest version is 1.3.7
2023-08-30 04:17:53 App is up to date.
2023-08-30 05:17:23 Checking for update using Github
2023-08-30 05:17:23 Success.
2023-08-30 05:17:23 Latest version is 1.3.7
2023-08-30 05:17:23 App is up to date.
2023-08-30 06:17:23 Checking for update using Github
2023-08-30 06:17:25 Success.
2023-08-30 06:17:25 Latest version is 1.3.7
2023-08-30 06:17:25 App is up to date.
2023-08-30 07:17:23 Checking for update using Github
2023-08-30 07:17:24 Success.
2023-08-30 07:17:24 Latest version is 1.3.7
2023-08-30 07:17:24 App is up to date.
2023-08-30 08:17:23 Checking for update using Github
2023-08-30 08:17:23 Success.
2023-08-30 08:17:23 Latest version is 1.3.7
2023-08-30 08:17:23 App is up to date.
2023-08-30 09:17:23 Checking for update using Github
2023-08-30 09:17:23 Success.
2023-08-30 09:17:23 Latest version is 1.3.7
2023-08-30 09:17:23 App is up to date.
2023-08-30 10:17:23 Checking for update using Github
2023-08-30 10:17:23 Success.
2023-08-30 10:17:23 Latest version is 1.3.7
2023-08-30 10:17:23 App is up to date.
2023-08-30 11:17:23 Checking for update using Github
2023-08-30 11:17:23 Success.
2023-08-30 11:17:23 Latest version is 1.3.7
2023-08-30 11:17:23 App is up to date.
2023-08-30 12:17:23 Checking for update using Github
2023-08-30 12:17:23 Success.
2023-08-30 12:17:23 Latest version is 1.3.7
2023-08-30 12:17:23 App is up to date.
2023-08-30 13:17:23 Checking for update using Github
2023-08-30 13:17:23 Success.
2023-08-30 13:17:23 Latest version is 1.3.7
2023-08-30 13:17:23 App is up to date.
2023-08-30 14:17:23 Checking for update using Github
2023-08-30 14:17:23 Success.
2023-08-30 14:17:23 Latest version is 1.3.7
2023-08-30 14:17:23 App is up to date.
